<?xml version="1.0" encoding="UTF-8"?>
<!-- Generated by org.testng.reporters.JUnitReportReporter -->
<testsuite hostname="DESKTOP-4FBLBII" failures="0" tests="1" name="selenium.grid.docker.selenium.grid.docker.Firefoxone" time="17.089" errors="0" timestamp="2022-11-17T06:53:38 GMT-08:00" skipped="0">
  <testcase classname="selenium.grid.docker.selenium.grid.docker.Firefoxone" name="Test1" time="17.089"/>
  <system-out/>
</testsuite> <!-- selenium.grid.docker.selenium.grid.docker.Firefoxone -->
