<?xml version="1.0" encoding="UTF-8"?>
<!-- Generated by org.testng.reporters.JUnitReportReporter -->
<testsuite hostname="DESKTOP-4FBLBII" failures="0" tests="2" name="selenium.grid.docker.selenium.grid.docker.EnvSetupAndTestrunner" time="30.064" errors="0" timestamp="2022-11-17T06:49:52 GMT-08:00" skipped="0">
  <testcase classname="selenium.grid.docker.selenium.grid.docker.EnvSetupAndTestrunner" name="startDocEnv" time="25.045"/>
  <system-out/>
  <testcase classname="selenium.grid.docker.selenium.grid.docker.EnvSetupAndTestrunner" name="stopDocEnv" time="5.019"/>
  <system-out/>
</testsuite> <!-- selenium.grid.docker.selenium.grid.docker.EnvSetupAndTestrunner -->
